2017-03-10 16:01:48,363 [Worker-21] INFO  o.e.m.c.i.l.LifecycleMappingFactory - Using org.maven.ide.eclipse.wtp.WarLifecycleMapping lifecycle mapping for MavenProject: com.yashashree:BackendProject:0.0.1-SNAPSHOT @ F:\new project\BackendProject\pom.xml.
2017-03-10 16:01:48,369 [Worker-18] INFO  o.e.m.c.i.l.LifecycleMappingFactory - Using org.maven.ide.eclipse.wtp.WarLifecycleMapping lifecycle mapping for MavenProject: com.yashashree:BackendProject:0.0.1-SNAPSHOT @ F:\new project\BackendProject\pom.xml.
2017-03-10 16:01:50,261 [Worker-21] WARN  o.e.m.c.i.embedder.EclipseLogger - Failed to retrieve plugin descriptor for org.eclipse.jetty:jetty-maven-plugin:9.1.1.v20140108: Plugin org.eclipse.jetty:jetty-maven-plugin:9.1.1.v20140108 or one of its dependencies could not be resolved: Failed to read artifact descriptor for org.eclipse.jetty:jetty-maven-plugin:jar:9.1.1.v20140108
2017-03-10 16:01:50,322 [Worker-21] WARN  o.e.m.c.i.embedder.EclipseLogger - Failed to retrieve plugin descriptor for org.eclipse.jetty:jetty-maven-plugin:9.1.1.v20140108: Plugin org.eclipse.jetty:jetty-maven-plugin:9.1.1.v20140108 or one of its dependencies could not be resolved: Failed to read artifact descriptor for org.eclipse.jetty:jetty-maven-plugin:jar:9.1.1.v20140108
2017-03-10 16:01:52,886 [Worker-21] WARN  o.e.m.c.i.embedder.EclipseLogger - Using platform encoding (Cp1252 actually) to copy filtered resources, i.e. build is platform dependent!
2017-03-10 16:01:52,888 [Worker-21] INFO  o.e.m.c.i.embedder.EclipseLogger - skip non existing resourceDirectory F:\new project\BackendProject\src\main\resources
2017-03-10 16:01:52,892 [Worker-21] WARN  o.e.m.c.i.embedder.EclipseLogger - Using platform encoding (Cp1252 actually) to copy filtered resources, i.e. build is platform dependent!
2017-03-10 16:01:52,893 [Worker-21] INFO  o.e.m.c.i.embedder.EclipseLogger - skip non existing resourceDirectory F:\new project\BackendProject\src\test\resources
2017-03-10 16:01:55,424 [Worker-18] INFO  o.e.m.c.i.l.LifecycleMappingFactory - Using org.maven.ide.eclipse.wtp.WarLifecycleMapping lifecycle mapping for MavenProject: com.yashashree:BackendProject:0.0.1-SNAPSHOT @ F:\new project\BackendProject\pom.xml.
2017-03-10 16:01:55,899 [Worker-21] WARN  o.e.m.c.i.embedder.EclipseLogger - Using platform encoding (Cp1252 actually) to copy filtered resources, i.e. build is platform dependent!
2017-03-10 16:01:55,908 [Worker-21] INFO  o.e.m.c.i.embedder.EclipseLogger - skip non existing resourceDirectory F:\new project\BackendProject\src\main\resources
2017-03-10 16:01:55,916 [Worker-21] WARN  o.e.m.c.i.embedder.EclipseLogger - Using platform encoding (Cp1252 actually) to copy filtered resources, i.e. build is platform dependent!
2017-03-10 16:01:55,918 [Worker-21] INFO  o.e.m.c.i.embedder.EclipseLogger - skip non existing resourceDirectory F:\new project\BackendProject\src\test\resources
2017-03-10 16:01:56,249 [Worker-18] WARN  o.e.m.c.i.embedder.EclipseLogger - Failed to retrieve plugin descriptor for org.eclipse.jetty:jetty-maven-plugin:9.1.1.v20140108: Plugin org.eclipse.jetty:jetty-maven-plugin:9.1.1.v20140108 or one of its dependencies could not be resolved: Failed to read artifact descriptor for org.eclipse.jetty:jetty-maven-plugin:jar:9.1.1.v20140108
2017-03-10 16:01:56,253 [Worker-18] WARN  o.e.m.c.i.embedder.EclipseLogger - Failed to retrieve plugin descriptor for org.eclipse.jetty:jetty-maven-plugin:9.1.1.v20140108: Plugin org.eclipse.jetty:jetty-maven-plugin:9.1.1.v20140108 or one of its dependencies could not be resolved: Failed to read artifact descriptor for org.eclipse.jetty:jetty-maven-plugin:jar:9.1.1.v20140108
2017-03-10 16:01:58,605 [Worker-20] WARN  o.e.m.c.i.embedder.EclipseLogger - Using platform encoding (Cp1252 actually) to copy filtered resources, i.e. build is platform dependent!
2017-03-10 16:01:58,606 [Worker-20] INFO  o.e.m.c.i.embedder.EclipseLogger - skip non existing resourceDirectory F:\new project\BackendProject\src\main\resources
2017-03-10 16:01:58,609 [Worker-20] WARN  o.e.m.c.i.embedder.EclipseLogger - Using platform encoding (Cp1252 actually) to copy filtered resources, i.e. build is platform dependent!
2017-03-10 16:01:58,611 [Worker-20] INFO  o.e.m.c.i.embedder.EclipseLogger - skip non existing resourceDirectory F:\new project\BackendProject\src\test\resources
2017-03-10 16:18:25,912 [Worker-54] WARN  o.e.m.c.i.embedder.EclipseLogger - Using platform encoding (Cp1252 actually) to copy filtered resources, i.e. build is platform dependent!
2017-03-10 16:18:25,913 [Worker-54] INFO  o.e.m.c.i.embedder.EclipseLogger - skip non existing resourceDirectory F:\new project\BackendProject\src\main\resources
2017-03-10 16:18:25,915 [Worker-54] WARN  o.e.m.c.i.embedder.EclipseLogger - Using platform encoding (Cp1252 actually) to copy filtered resources, i.e. build is platform dependent!
2017-03-10 16:18:25,917 [Worker-54] INFO  o.e.m.c.i.embedder.EclipseLogger - skip non existing resourceDirectory F:\new project\BackendProject\src\test\resources
2017-03-10 16:18:38,057 [Worker-51] WARN  o.e.m.c.i.embedder.EclipseLogger - Using platform encoding (Cp1252 actually) to copy filtered resources, i.e. build is platform dependent!
2017-03-10 16:18:38,058 [Worker-51] INFO  o.e.m.c.i.embedder.EclipseLogger - skip non existing resourceDirectory F:\new project\BackendProject\src\main\resources
2017-03-10 16:18:38,061 [Worker-51] WARN  o.e.m.c.i.embedder.EclipseLogger - Using platform encoding (Cp1252 actually) to copy filtered resources, i.e. build is platform dependent!
2017-03-10 16:18:38,069 [Worker-51] INFO  o.e.m.c.i.embedder.EclipseLogger - skip non existing resourceDirectory F:\new project\BackendProject\src\test\resources
2017-03-10 16:18:56,489 [Worker-53] WARN  o.e.m.c.i.embedder.EclipseLogger - Using platform encoding (Cp1252 actually) to copy filtered resources, i.e. build is platform dependent!
2017-03-10 16:18:56,491 [Worker-53] INFO  o.e.m.c.i.embedder.EclipseLogger - skip non existing resourceDirectory F:\new project\BackendProject\src\main\resources
2017-03-10 16:18:56,493 [Worker-53] WARN  o.e.m.c.i.embedder.EclipseLogger - Using platform encoding (Cp1252 actually) to copy filtered resources, i.e. build is platform dependent!
2017-03-10 16:18:56,496 [Worker-53] INFO  o.e.m.c.i.embedder.EclipseLogger - skip non existing resourceDirectory F:\new project\BackendProject\src\test\resources
2017-03-10 16:20:04,949 [Worker-53] WARN  o.e.m.c.i.embedder.EclipseLogger - Using platform encoding (Cp1252 actually) to copy filtered resources, i.e. build is platform dependent!
2017-03-10 16:20:04,951 [Worker-53] INFO  o.e.m.c.i.embedder.EclipseLogger - skip non existing resourceDirectory F:\new project\BackendProject\src\main\resources
2017-03-10 16:20:04,953 [Worker-53] WARN  o.e.m.c.i.embedder.EclipseLogger - Using platform encoding (Cp1252 actually) to copy filtered resources, i.e. build is platform dependent!
2017-03-10 16:20:04,954 [Worker-53] INFO  o.e.m.c.i.embedder.EclipseLogger - skip non existing resourceDirectory F:\new project\BackendProject\src\test\resources
2017-03-10 16:20:13,986 [Worker-55] WARN  o.e.m.c.i.embedder.EclipseLogger - Using platform encoding (Cp1252 actually) to copy filtered resources, i.e. build is platform dependent!
2017-03-10 16:20:13,988 [Worker-55] INFO  o.e.m.c.i.embedder.EclipseLogger - skip non existing resourceDirectory F:\new project\BackendProject\src\main\resources
2017-03-10 16:20:13,990 [Worker-55] WARN  o.e.m.c.i.embedder.EclipseLogger - Using platform encoding (Cp1252 actually) to copy filtered resources, i.e. build is platform dependent!
2017-03-10 16:20:13,991 [Worker-55] INFO  o.e.m.c.i.embedder.EclipseLogger - skip non existing resourceDirectory F:\new project\BackendProject\src\test\resources
2017-03-10 16:20:28,031 [Worker-57] WARN  o.e.m.c.i.embedder.EclipseLogger - Using platform encoding (Cp1252 actually) to copy filtered resources, i.e. build is platform dependent!
2017-03-10 16:20:28,032 [Worker-57] INFO  o.e.m.c.i.embedder.EclipseLogger - skip non existing resourceDirectory F:\new project\BackendProject\src\main\resources
2017-03-10 16:20:28,036 [Worker-57] WARN  o.e.m.c.i.embedder.EclipseLogger - Using platform encoding (Cp1252 actually) to copy filtered resources, i.e. build is platform dependent!
2017-03-10 16:20:28,038 [Worker-57] INFO  o.e.m.c.i.embedder.EclipseLogger - skip non existing resourceDirectory F:\new project\BackendProject\src\test\resources
2017-03-10 17:42:55,973 [Worker-11] WARN  o.e.m.c.i.embedder.EclipseLogger - Using platform encoding (Cp1252 actually) to copy filtered resources, i.e. build is platform dependent!
2017-03-10 17:42:56,005 [Worker-11] INFO  o.e.m.c.i.embedder.EclipseLogger - skip non existing resourceDirectory F:\new project\BackendProject\src\main\resources
2017-03-10 17:42:56,009 [Worker-11] WARN  o.e.m.c.i.embedder.EclipseLogger - Using platform encoding (Cp1252 actually) to copy filtered resources, i.e. build is platform dependent!
2017-03-10 17:42:56,011 [Worker-11] INFO  o.e.m.c.i.embedder.EclipseLogger - skip non existing resourceDirectory F:\new project\BackendProject\src\test\resources
2017-03-14 11:50:54,112 [Worker-6] WARN  o.e.m.c.i.embedder.EclipseLogger - Using platform encoding (Cp1252 actually) to copy filtered resources, i.e. build is platform dependent!
2017-03-14 11:50:54,151 [Worker-6] INFO  o.e.m.c.i.embedder.EclipseLogger - skip non existing resourceDirectory F:\new project\BackendProject\src\main\resources
2017-03-14 11:50:54,155 [Worker-6] WARN  o.e.m.c.i.embedder.EclipseLogger - Using platform encoding (Cp1252 actually) to copy filtered resources, i.e. build is platform dependent!
2017-03-14 11:50:54,158 [Worker-6] INFO  o.e.m.c.i.embedder.EclipseLogger - skip non existing resourceDirectory F:\new project\BackendProject\src\test\resources
2017-03-14 20:42:37,901 [Worker-3] WARN  o.e.m.c.i.embedder.EclipseLogger - Using platform encoding (Cp1252 actually) to copy filtered resources, i.e. build is platform dependent!
2017-03-14 20:42:37,923 [Worker-3] INFO  o.e.m.c.i.embedder.EclipseLogger - skip non existing resourceDirectory F:\new project\BackendProject\src\main\resources
2017-03-14 20:42:37,928 [Worker-3] WARN  o.e.m.c.i.embedder.EclipseLogger - Using platform encoding (Cp1252 actually) to copy filtered resources, i.e. build is platform dependent!
2017-03-14 20:42:37,930 [Worker-3] INFO  o.e.m.c.i.embedder.EclipseLogger - skip non existing resourceDirectory F:\new project\BackendProject\src\test\resources
2017-03-16 20:26:59,331 [Worker-2] WARN  o.e.m.c.i.embedder.EclipseLogger - Using platform encoding (Cp1252 actually) to copy filtered resources, i.e. build is platform dependent!
2017-03-16 20:26:59,361 [Worker-2] INFO  o.e.m.c.i.embedder.EclipseLogger - skip non existing resourceDirectory F:\new project\BackendProject\src\main\resources
2017-03-16 20:26:59,371 [Worker-2] WARN  o.e.m.c.i.embedder.EclipseLogger - Using platform encoding (Cp1252 actually) to copy filtered resources, i.e. build is platform dependent!
2017-03-16 20:26:59,396 [Worker-2] INFO  o.e.m.c.i.embedder.EclipseLogger - skip non existing resourceDirectory F:\new project\BackendProject\src\test\resources
2017-03-20 18:06:10,710 [Worker-1] WARN  o.e.m.c.i.embedder.EclipseLogger - Using platform encoding (Cp1252 actually) to copy filtered resources, i.e. build is platform dependent!
2017-03-20 18:06:11,120 [Worker-1] INFO  o.e.m.c.i.embedder.EclipseLogger - skip non existing resourceDirectory F:\new project\BackendProject\src\main\resources
2017-03-20 18:06:11,124 [Worker-1] WARN  o.e.m.c.i.embedder.EclipseLogger - Using platform encoding (Cp1252 actually) to copy filtered resources, i.e. build is platform dependent!
2017-03-20 18:06:11,158 [Worker-1] INFO  o.e.m.c.i.embedder.EclipseLogger - skip non existing resourceDirectory F:\new project\BackendProject\src\test\resources
2017-03-22 14:06:28,212 [Worker-4] WARN  o.e.m.c.i.embedder.EclipseLogger - Using platform encoding (Cp1252 actually) to copy filtered resources, i.e. build is platform dependent!
2017-03-22 14:06:28,236 [Worker-4] INFO  o.e.m.c.i.embedder.EclipseLogger - skip non existing resourceDirectory F:\new project\BackendProject\src\main\resources
2017-03-22 14:06:28,240 [Worker-4] WARN  o.e.m.c.i.embedder.EclipseLogger - Using platform encoding (Cp1252 actually) to copy filtered resources, i.e. build is platform dependent!
2017-03-22 14:06:28,241 [Worker-4] INFO  o.e.m.c.i.embedder.EclipseLogger - skip non existing resourceDirectory F:\new project\BackendProject\src\test\resources
2017-03-22 17:38:16,468 [Worker-111] INFO  o.e.m.w.i.f.ResourceFilteringBuildParticipant - Cleaning filtered folder for BackendProject
2017-03-22 17:38:18,026 [Worker-109] WARN  o.e.m.c.i.embedder.EclipseLogger - Using platform encoding (Cp1252 actually) to copy filtered resources, i.e. build is platform dependent!
2017-03-22 17:38:18,027 [Worker-109] INFO  o.e.m.c.i.embedder.EclipseLogger - skip non existing resourceDirectory F:\new project\BackendProject\src\main\resources
2017-03-22 17:38:18,030 [Worker-109] WARN  o.e.m.c.i.embedder.EclipseLogger - Using platform encoding (Cp1252 actually) to copy filtered resources, i.e. build is platform dependent!
2017-03-22 17:38:18,031 [Worker-109] INFO  o.e.m.c.i.embedder.EclipseLogger - skip non existing resourceDirectory F:\new project\BackendProject\src\test\resources
2017-03-22 17:38:18,032 [Worker-109] INFO  o.e.m.w.i.f.ResourceFilteringBuildParticipant - Changed resources require a complete clean of filtered resources of BackendProject
2017-03-22 17:38:18,033 [Worker-109] INFO  o.e.m.w.i.f.ResourceFilteringBuildParticipant - Executing resource filtering for BackendProject
2017-03-22 17:38:18,055 [Worker-109] WARN  o.e.m.c.i.embedder.EclipseLogger - The POM for org.eclipse.jetty:jetty-maven-plugin:jar:9.1.1.v20140108 is missing, no dependency information available
2017-03-22 17:38:18,057 [Worker-109] WARN  o.e.m.c.i.embedder.EclipseLogger - Failed to retrieve plugin descriptor for org.eclipse.jetty:jetty-maven-plugin:9.1.1.v20140108: Plugin org.eclipse.jetty:jetty-maven-plugin:9.1.1.v20140108 or one of its dependencies could not be resolved: Cannot access central (https://repo.maven.apache.org/maven2) in offline mode and the artifact org.eclipse.jetty:jetty-maven-plugin:jar:9.1.1.v20140108 has not been downloaded from it before.
2017-03-22 17:38:18,085 [Worker-109] WARN  o.e.m.c.i.embedder.EclipseLogger - The POM for org.eclipse.jetty:jetty-maven-plugin:jar:9.1.1.v20140108 is missing, no dependency information available
2017-03-22 17:38:18,086 [Worker-109] WARN  o.e.m.c.i.embedder.EclipseLogger - Failed to retrieve plugin descriptor for org.eclipse.jetty:jetty-maven-plugin:9.1.1.v20140108: Plugin org.eclipse.jetty:jetty-maven-plugin:9.1.1.v20140108 or one of its dependencies could not be resolved: Cannot access central (https://repo.maven.apache.org/maven2) in offline mode and the artifact org.eclipse.jetty:jetty-maven-plugin:jar:9.1.1.v20140108 has not been downloaded from it before.
2017-03-22 17:38:18,104 [Worker-109] WARN  o.e.m.c.i.embedder.EclipseLogger - Using platform encoding (Cp1252 actually) to copy filtered resources, i.e. build is platform dependent!
2017-03-22 17:46:25,752 [Worker-111] INFO  o.e.m.w.i.f.ResourceFilteringBuildParticipant - Cleaning filtered folder for BackendProject
2017-03-22 17:46:26,429 [Worker-41] WARN  o.e.m.c.i.embedder.EclipseLogger - Using platform encoding (Cp1252 actually) to copy filtered resources, i.e. build is platform dependent!
2017-03-22 17:46:26,431 [Worker-41] INFO  o.e.m.c.i.embedder.EclipseLogger - skip non existing resourceDirectory F:\new project\BackendProject\src\main\resources
2017-03-22 17:46:26,433 [Worker-41] WARN  o.e.m.c.i.embedder.EclipseLogger - Using platform encoding (Cp1252 actually) to copy filtered resources, i.e. build is platform dependent!
2017-03-22 17:46:26,435 [Worker-41] INFO  o.e.m.c.i.embedder.EclipseLogger - skip non existing resourceDirectory F:\new project\BackendProject\src\test\resources
2017-03-22 17:46:26,436 [Worker-41] INFO  o.e.m.w.i.f.ResourceFilteringBuildParticipant - Changed resources require a complete clean of filtered resources of BackendProject
2017-03-22 17:46:26,436 [Worker-41] INFO  o.e.m.w.i.f.ResourceFilteringBuildParticipant - Executing resource filtering for BackendProject
2017-03-22 17:46:26,441 [Worker-41] WARN  o.e.m.c.i.embedder.EclipseLogger - The POM for org.eclipse.jetty:jetty-maven-plugin:jar:9.1.1.v20140108 is missing, no dependency information available
2017-03-22 17:46:26,443 [Worker-41] WARN  o.e.m.c.i.embedder.EclipseLogger - Failed to retrieve plugin descriptor for org.eclipse.jetty:jetty-maven-plugin:9.1.1.v20140108: Plugin org.eclipse.jetty:jetty-maven-plugin:9.1.1.v20140108 or one of its dependencies could not be resolved: Cannot access central (https://repo.maven.apache.org/maven2) in offline mode and the artifact org.eclipse.jetty:jetty-maven-plugin:jar:9.1.1.v20140108 has not been downloaded from it before.
2017-03-22 17:46:26,447 [Worker-41] WARN  o.e.m.c.i.embedder.EclipseLogger - The POM for org.eclipse.jetty:jetty-maven-plugin:jar:9.1.1.v20140108 is missing, no dependency information available
2017-03-22 17:46:26,449 [Worker-41] WARN  o.e.m.c.i.embedder.EclipseLogger - Failed to retrieve plugin descriptor for org.eclipse.jetty:jetty-maven-plugin:9.1.1.v20140108: Plugin org.eclipse.jetty:jetty-maven-plugin:9.1.1.v20140108 or one of its dependencies could not be resolved: Cannot access central (https://repo.maven.apache.org/maven2) in offline mode and the artifact org.eclipse.jetty:jetty-maven-plugin:jar:9.1.1.v20140108 has not been downloaded from it before.
2017-03-22 17:46:26,464 [Worker-41] WARN  o.e.m.c.i.embedder.EclipseLogger - Using platform encoding (Cp1252 actually) to copy filtered resources, i.e. build is platform dependent!
2017-03-22 18:13:14,321 [Worker-126] INFO  o.e.m.w.i.f.ResourceFilteringBuildParticipant - Cleaning filtered folder for BackendProject
2017-03-22 18:13:14,960 [Worker-122] WARN  o.e.m.c.i.embedder.EclipseLogger - Using platform encoding (Cp1252 actually) to copy filtered resources, i.e. build is platform dependent!
2017-03-22 18:13:14,961 [Worker-122] INFO  o.e.m.c.i.embedder.EclipseLogger - skip non existing resourceDirectory F:\new project\BackendProject\src\main\resources
2017-03-22 18:13:14,964 [Worker-122] WARN  o.e.m.c.i.embedder.EclipseLogger - Using platform encoding (Cp1252 actually) to copy filtered resources, i.e. build is platform dependent!
2017-03-22 18:13:14,965 [Worker-122] INFO  o.e.m.c.i.embedder.EclipseLogger - skip non existing resourceDirectory F:\new project\BackendProject\src\test\resources
2017-03-22 18:13:14,966 [Worker-122] INFO  o.e.m.w.i.f.ResourceFilteringBuildParticipant - Changed resources require a complete clean of filtered resources of BackendProject
2017-03-22 18:13:14,966 [Worker-122] INFO  o.e.m.w.i.f.ResourceFilteringBuildParticipant - Executing resource filtering for BackendProject
2017-03-22 18:13:14,971 [Worker-122] WARN  o.e.m.c.i.embedder.EclipseLogger - The POM for org.eclipse.jetty:jetty-maven-plugin:jar:9.1.1.v20140108 is missing, no dependency information available
2017-03-22 18:13:14,973 [Worker-122] WARN  o.e.m.c.i.embedder.EclipseLogger - Failed to retrieve plugin descriptor for org.eclipse.jetty:jetty-maven-plugin:9.1.1.v20140108: Plugin org.eclipse.jetty:jetty-maven-plugin:9.1.1.v20140108 or one of its dependencies could not be resolved: Cannot access central (https://repo.maven.apache.org/maven2) in offline mode and the artifact org.eclipse.jetty:jetty-maven-plugin:jar:9.1.1.v20140108 has not been downloaded from it before.
2017-03-22 18:13:14,976 [Worker-122] WARN  o.e.m.c.i.embedder.EclipseLogger - The POM for org.eclipse.jetty:jetty-maven-plugin:jar:9.1.1.v20140108 is missing, no dependency information available
2017-03-22 18:13:14,977 [Worker-122] WARN  o.e.m.c.i.embedder.EclipseLogger - Failed to retrieve plugin descriptor for org.eclipse.jetty:jetty-maven-plugin:9.1.1.v20140108: Plugin org.eclipse.jetty:jetty-maven-plugin:9.1.1.v20140108 or one of its dependencies could not be resolved: Cannot access central (https://repo.maven.apache.org/maven2) in offline mode and the artifact org.eclipse.jetty:jetty-maven-plugin:jar:9.1.1.v20140108 has not been downloaded from it before.
2017-03-22 18:13:14,992 [Worker-122] WARN  o.e.m.c.i.embedder.EclipseLogger - Using platform encoding (Cp1252 actually) to copy filtered resources, i.e. build is platform dependent!
2017-03-22 18:13:40,184 [Worker-128] INFO  o.e.m.c.i.e.AbstractTransferListenerAdapter - Downloading https://repo.maven.apache.org/maven2/org/apache/tomcat/embed/tomcat-embed-core/8.0.32/tomcat-embed-core-8.0.32-sources.jar
2017-03-22 18:13:46,495 [main] INFO  o.e.m2e.actions.ExecutePomAction - Creating new launch configuration
2017-03-22 18:13:57,889 [Worker-122] INFO  o.e.m.i.launch.MavenLaunchDelegate - F:\new project\BackendProject
2017-03-22 18:13:57,893 [Worker-122] INFO  o.e.m.i.launch.MavenLaunchDelegate -  mvn -B clean compile install
2017-03-22 18:14:30,340 [Worker-128] INFO  o.e.m.c.i.e.AbstractTransferListenerAdapter - Downloaded https://repo.maven.apache.org/maven2/org/apache/tomcat/embed/tomcat-embed-core/8.0.32/tomcat-embed-core-8.0.32-sources.jar
2017-03-22 18:14:30,530 [Worker-128] INFO  o.e.m.j.internal.DownloadSourcesJob - Downloaded sources for org.apache.tomcat.embed:tomcat-embed-core:8.0.32
2017-03-22 18:14:31,425 [Worker-122] WARN  o.e.m.c.i.embedder.EclipseLogger - Using platform encoding (Cp1252 actually) to copy filtered resources, i.e. build is platform dependent!
2017-03-22 18:14:31,427 [Worker-122] INFO  o.e.m.c.i.embedder.EclipseLogger - skip non existing resourceDirectory F:\new project\BackendProject\src\main\resources
2017-03-22 18:14:31,429 [Worker-122] WARN  o.e.m.c.i.embedder.EclipseLogger - Using platform encoding (Cp1252 actually) to copy filtered resources, i.e. build is platform dependent!
2017-03-22 18:14:31,430 [Worker-122] INFO  o.e.m.c.i.embedder.EclipseLogger - skip non existing resourceDirectory F:\new project\BackendProject\src\test\resources
2017-03-22 18:15:45,075 [Worker-130] WARN  o.e.m.c.i.embedder.EclipseLogger - Using platform encoding (Cp1252 actually) to copy filtered resources, i.e. build is platform dependent!
2017-03-22 18:15:45,076 [Worker-130] INFO  o.e.m.c.i.embedder.EclipseLogger - skip non existing resourceDirectory F:\new project\BackendProject\src\main\resources
2017-03-22 18:15:45,080 [Worker-130] WARN  o.e.m.c.i.embedder.EclipseLogger - Using platform encoding (Cp1252 actually) to copy filtered resources, i.e. build is platform dependent!
2017-03-22 18:15:45,082 [Worker-130] INFO  o.e.m.c.i.embedder.EclipseLogger - skip non existing resourceDirectory F:\new project\BackendProject\src\test\resources
2017-03-22 18:15:51,112 [Worker-131] WARN  o.e.m.c.i.embedder.EclipseLogger - Using platform encoding (Cp1252 actually) to copy filtered resources, i.e. build is platform dependent!
2017-03-22 18:15:51,118 [Worker-131] INFO  o.e.m.c.i.embedder.EclipseLogger - skip non existing resourceDirectory F:\new project\BackendProject\src\main\resources
2017-03-22 18:15:51,128 [Worker-131] WARN  o.e.m.c.i.embedder.EclipseLogger - Using platform encoding (Cp1252 actually) to copy filtered resources, i.e. build is platform dependent!
2017-03-22 18:15:51,129 [Worker-131] INFO  o.e.m.c.i.embedder.EclipseLogger - skip non existing resourceDirectory F:\new project\BackendProject\src\test\resources
2017-03-23 13:46:23,221 [Worker-17] WARN  o.e.m.c.i.embedder.EclipseLogger - Using platform encoding (Cp1252 actually) to copy filtered resources, i.e. build is platform dependent!
2017-03-23 13:46:23,251 [Worker-17] INFO  o.e.m.c.i.embedder.EclipseLogger - skip non existing resourceDirectory F:\new project\BackendProject\src\main\resources
2017-03-23 13:46:23,255 [Worker-17] WARN  o.e.m.c.i.embedder.EclipseLogger - Using platform encoding (Cp1252 actually) to copy filtered resources, i.e. build is platform dependent!
2017-03-23 13:46:23,257 [Worker-17] INFO  o.e.m.c.i.embedder.EclipseLogger - skip non existing resourceDirectory F:\new project\BackendProject\src\test\resources
2017-03-23 13:48:16,078 [Worker-17] INFO  o.e.m.w.i.f.ResourceFilteringBuildParticipant - Cleaning filtered folder for BackendProject
2017-03-23 13:48:18,153 [Worker-22] WARN  o.e.m.c.i.embedder.EclipseLogger - Using platform encoding (Cp1252 actually) to copy filtered resources, i.e. build is platform dependent!
2017-03-23 13:48:18,157 [Worker-22] INFO  o.e.m.c.i.embedder.EclipseLogger - skip non existing resourceDirectory F:\new project\BackendProject\src\main\resources
2017-03-23 13:48:18,160 [Worker-22] WARN  o.e.m.c.i.embedder.EclipseLogger - Using platform encoding (Cp1252 actually) to copy filtered resources, i.e. build is platform dependent!
2017-03-23 13:48:18,164 [Worker-22] INFO  o.e.m.c.i.embedder.EclipseLogger - skip non existing resourceDirectory F:\new project\BackendProject\src\test\resources
2017-03-23 13:48:18,165 [Worker-22] INFO  o.e.m.w.i.f.ResourceFilteringBuildParticipant - Changed resources require a complete clean of filtered resources of BackendProject
2017-03-23 13:48:18,166 [Worker-22] INFO  o.e.m.w.i.f.ResourceFilteringBuildParticipant - Executing resource filtering for BackendProject
2017-03-23 13:48:18,182 [Worker-22] WARN  o.e.m.c.i.embedder.EclipseLogger - The POM for org.eclipse.jetty:jetty-maven-plugin:jar:9.1.1.v20140108 is missing, no dependency information available
2017-03-23 13:48:18,185 [Worker-22] WARN  o.e.m.c.i.embedder.EclipseLogger - Failed to retrieve plugin descriptor for org.eclipse.jetty:jetty-maven-plugin:9.1.1.v20140108: Plugin org.eclipse.jetty:jetty-maven-plugin:9.1.1.v20140108 or one of its dependencies could not be resolved: Cannot access central (https://repo.maven.apache.org/maven2) in offline mode and the artifact org.eclipse.jetty:jetty-maven-plugin:jar:9.1.1.v20140108 has not been downloaded from it before.
2017-03-23 13:48:18,239 [Worker-22] WARN  o.e.m.c.i.embedder.EclipseLogger - The POM for org.eclipse.jetty:jetty-maven-plugin:jar:9.1.1.v20140108 is missing, no dependency information available
2017-03-23 13:48:18,241 [Worker-22] WARN  o.e.m.c.i.embedder.EclipseLogger - Failed to retrieve plugin descriptor for org.eclipse.jetty:jetty-maven-plugin:9.1.1.v20140108: Plugin org.eclipse.jetty:jetty-maven-plugin:9.1.1.v20140108 or one of its dependencies could not be resolved: Cannot access central (https://repo.maven.apache.org/maven2) in offline mode and the artifact org.eclipse.jetty:jetty-maven-plugin:jar:9.1.1.v20140108 has not been downloaded from it before.
2017-03-23 13:48:18,273 [Worker-22] WARN  o.e.m.c.i.embedder.EclipseLogger - Using platform encoding (Cp1252 actually) to copy filtered resources, i.e. build is platform dependent!
2017-03-24 14:37:17,091 [Worker-1] WARN  o.e.m.c.i.embedder.EclipseLogger - Using platform encoding (Cp1252 actually) to copy filtered resources, i.e. build is platform dependent!
2017-03-24 14:37:17,122 [Worker-1] INFO  o.e.m.c.i.embedder.EclipseLogger - skip non existing resourceDirectory F:\new project\BackendProject\src\main\resources
2017-03-24 14:37:17,122 [Worker-1] WARN  o.e.m.c.i.embedder.EclipseLogger - Using platform encoding (Cp1252 actually) to copy filtered resources, i.e. build is platform dependent!
2017-03-24 14:37:17,122 [Worker-1] INFO  o.e.m.c.i.embedder.EclipseLogger - skip non existing resourceDirectory F:\new project\BackendProject\src\test\resources
2017-03-24 15:20:36,855 [Worker-42] WARN  o.e.m.c.i.embedder.EclipseLogger - Using platform encoding (Cp1252 actually) to copy filtered resources, i.e. build is platform dependent!
2017-03-24 15:20:36,859 [Worker-42] INFO  o.e.m.c.i.embedder.EclipseLogger - skip non existing resourceDirectory F:\new project\BackendProject\src\main\resources
2017-03-24 15:20:36,861 [Worker-42] WARN  o.e.m.c.i.embedder.EclipseLogger - Using platform encoding (Cp1252 actually) to copy filtered resources, i.e. build is platform dependent!
2017-03-24 15:20:36,862 [Worker-42] INFO  o.e.m.c.i.embedder.EclipseLogger - skip non existing resourceDirectory F:\new project\BackendProject\src\test\resources
2017-03-24 22:00:56,979 [Worker-4] WARN  o.e.m.c.i.embedder.EclipseLogger - Using platform encoding (Cp1252 actually) to copy filtered resources, i.e. build is platform dependent!
2017-03-24 22:00:57,018 [Worker-4] INFO  o.e.m.c.i.embedder.EclipseLogger - skip non existing resourceDirectory F:\new project\BackendProject\src\main\resources
2017-03-24 22:00:57,023 [Worker-4] WARN  o.e.m.c.i.embedder.EclipseLogger - Using platform encoding (Cp1252 actually) to copy filtered resources, i.e. build is platform dependent!
2017-03-24 22:00:57,026 [Worker-4] INFO  o.e.m.c.i.embedder.EclipseLogger - skip non existing resourceDirectory F:\new project\BackendProject\src\test\resources
2017-03-30 16:38:36,284 [Worker-2] WARN  o.e.m.c.i.embedder.EclipseLogger - Using platform encoding (Cp1252 actually) to copy filtered resources, i.e. build is platform dependent!
2017-03-30 16:38:36,309 [Worker-2] INFO  o.e.m.c.i.embedder.EclipseLogger - skip non existing resourceDirectory F:\new project\BackendProject\src\main\resources
2017-03-30 16:38:36,313 [Worker-2] WARN  o.e.m.c.i.embedder.EclipseLogger - Using platform encoding (Cp1252 actually) to copy filtered resources, i.e. build is platform dependent!
2017-03-30 16:38:36,314 [Worker-2] INFO  o.e.m.c.i.embedder.EclipseLogger - skip non existing resourceDirectory F:\new project\BackendProject\src\test\resources
2017-03-30 16:43:57,409 [Worker-20] WARN  o.e.m.c.i.embedder.EclipseLogger - Using platform encoding (Cp1252 actually) to copy filtered resources, i.e. build is platform dependent!
2017-03-30 16:43:57,412 [Worker-20] INFO  o.e.m.c.i.embedder.EclipseLogger - skip non existing resourceDirectory F:\new project\BackendProject\src\main\resources
2017-03-30 16:43:57,414 [Worker-20] WARN  o.e.m.c.i.embedder.EclipseLogger - Using platform encoding (Cp1252 actually) to copy filtered resources, i.e. build is platform dependent!
2017-03-30 16:43:57,416 [Worker-20] INFO  o.e.m.c.i.embedder.EclipseLogger - skip non existing resourceDirectory F:\new project\BackendProject\src\test\resources
